# JRE version: OpenJDK Runtime Environment Temurin-17.0.3+7 (17.0.3+7) (build 17.0.3+7)
# Java VM: OpenJDK 64-Bit Server VM Temurin-17.0.3+7 (17.0.3+7, mixed mode, tiered, compressed oops, compressed class ptrs, parallel gc, windows-amd64)
GC Precious Log:
 CPUs: 8 total, 8 available
 Memory: 16211M
 Large Page Support: Disabled
 NUMA Support: Disabled
 Compressed Oops: Enabled (Zero based)
 Alignments: Space 512K, Generation 512K, Heap 2M
 Heap Min Capacity: 100M
 Heap Initial Capacity: 100M
 Heap Max Capacity: 4000M
 Pre-touch: Disabled
 Parallel Workers: 8
Heap:
 PSYoungGen      total 29696K, used 5795K [0x00000007acb00000, 0x00000007aed00000, 0x0000000800000000)
  eden space 25088K, 23% used [0x00000007acb00000,0x00000007ad0a8d18,0x00000007ae380000)
  from space 4608K, 0% used [0x00000007ae880000,0x00000007ae880000,0x00000007aed00000)
  to   space 4608K, 0% used [0x00000007ae400000,0x00000007ae400000,0x00000007ae880000)
 ParOldGen       total 68608K, used 13015K [0x0000000706000000, 0x000000070a300000, 0x00000007acb00000)
  object space 68608K, 18% used [0x0000000706000000,0x0000000706cb5ec8,0x000000070a300000)
 Metaspace       used 36938K, committed 37824K, reserved 1089536K
  class space    used 3898K, committed 4288K, reserved 1048576K
GC Heap History (16 events):
Event: 1.036 GC heap before
{Heap before GC invocations=1 (full 0):
 PSYoungGen      total 29696K, used 25600K [0x00000007acb00000, 0x00000007aec00000, 0x0000000800000000)
  eden space 25600K, 100% used [0x00000007acb00000,0x00000007ae400000,0x00000007ae400000)
  from space 4096K, 0% used [0x00000007ae800000,0x00000007ae800000,0x00000007aec00000)
  to   space 4096K, 0% used [0x00000007ae400000,0x00000007ae400000,0x00000007ae800000)
 ParOldGen       total 68608K, used 0K [0x0000000706000000, 0x000000070a300000, 0x00000007acb00000)
  object space 68608K, 0% used [0x0000000706000000,0x0000000706000000,0x000000070a300000)
 Metaspace       used 12628K, committed 12800K, reserved 1064960K
  class space    used 1270K, committed 1344K, reserved 1048576K
}
Event: 1.045 GC heap after
{Heap after GC invocations=1 (full 0):
 PSYoungGen      total 29696K, used 4088K [0x00000007acb00000, 0x00000007aec00000, 0x0000000800000000)
  eden space 25600K, 0% used [0x00000007acb00000,0x00000007acb00000,0x00000007ae400000)
  from space 4096K, 99% used [0x00000007ae400000,0x00000007ae7fe2e8,0x00000007ae800000)
  to   space 4096K, 0% used [0x00000007ae800000,0x00000007ae800000,0x00000007aec00000)
 ParOldGen       total 68608K, used 725K [0x0000000706000000, 0x000000070a300000, 0x00000007acb00000)
  object space 68608K, 1% used [0x0000000706000000,0x00000007060b56c8,0x000000070a300000)
 Metaspace       used 12628K, committed 12800K, reserved 1064960K
  class space    used 1270K, committed 1344K, reserved 1048576K
}
Event: 1.987 GC heap before
{Heap before GC invocations=2 (full 0):
 PSYoungGen      total 29696K, used 29688K [0x00000007acb00000, 0x00000007aec00000, 0x0000000800000000)
  eden space 25600K, 100% used [0x00000007acb00000,0x00000007ae400000,0x00000007ae400000)
  from space 4096K, 99% used [0x00000007ae400000,0x00000007ae7fe2e8,0x00000007ae800000)
  to   space 4096K, 0% used [0x00000007ae800000,0x00000007ae800000,0x00000007aec00000)
 ParOldGen       total 68608K, used 725K [0x0000000706000000, 0x000000070a300000, 0x00000007acb00000)
  object space 68608K, 1% used [0x0000000706000000,0x00000007060b56c8,0x000000070a300000)
 Metaspace       used 19627K, committed 19968K, reserved 1073152K
  class space    used 1980K, committed 2112K, reserved 1048576K
}
Event: 1.994 GC heap after
{Heap after GC invocations=2 (full 0):
 PSYoungGen      total 29696K, used 4095K [0x00000007acb00000, 0x00000007aec00000, 0x0000000800000000)
  eden space 25600K, 0% used [0x00000007acb00000,0x00000007acb00000,0x00000007ae400000)
  from space 4096K, 99% used [0x00000007ae800000,0x00000007aebfffd0,0x00000007aec00000)
  to   space 4096K, 0% used [0x00000007ae400000,0x00000007ae400000,0x00000007ae800000)
 ParOldGen       total 68608K, used 5904K [0x0000000706000000, 0x000000070a300000, 0x00000007acb00000)
  object space 68608K, 8% used [0x0000000706000000,0x00000007065c4198,0x000000070a300000)
 Metaspace       used 19627K, committed 19968K, reserved 1073152K
  class space    used 1980K, committed 2112K, reserved 1048576K
}
Event: 2.257 GC heap before
{Heap before GC invocations=3 (full 0):
 PSYoungGen      total 29696K, used 11298K [0x00000007acb00000, 0x00000007aec00000, 0x0000000800000000)
  eden space 25600K, 28% used [0x00000007acb00000,0x00000007ad2088e8,0x00000007ae400000)
  from space 4096K, 99% used [0x00000007ae800000,0x00000007aebfffd0,0x00000007aec00000)
  to   space 4096K, 0% used [0x00000007ae400000,0x00000007ae400000,0x00000007ae800000)
 ParOldGen       total 68608K, used 5904K [0x0000000706000000, 0x000000070a300000, 0x00000007acb00000)
  object space 68608K, 8% used [0x0000000706000000,0x00000007065c4198,0x000000070a300000)
 Metaspace       used 21093K, committed 21504K, reserved 1073152K
  class space    used 2148K, committed 2368K, reserved 1048576K
}
Event: 2.262 GC heap after
{Heap after GC invocations=3 (full 0):
 PSYoungGen      total 29696K, used 4077K [0x00000007acb00000, 0x00000007aec00000, 0x0000000800000000)
  eden space 25600K, 0% used [0x00000007acb00000,0x00000007acb00000,0x00000007ae400000)
  from space 4096K, 99% used [0x00000007ae400000,0x00000007ae7fb478,0x00000007ae800000)
  to   space 4096K, 0% used [0x00000007ae800000,0x00000007ae800000,0x00000007aec00000)
 ParOldGen       total 68608K, used 6148K [0x0000000706000000, 0x000000070a300000, 0x00000007acb00000)
  object space 68608K, 8% used [0x0000000706000000,0x00000007066012c0,0x000000070a300000)
 Metaspace       used 21093K, committed 21504K, reserved 1073152K
  class space    used 2148K, committed 2368K, reserved 1048576K
}
Event: 2.262 GC heap before
{Heap before GC invocations=4 (full 1):
 PSYoungGen      total 29696K, used 4077K [0x00000007acb00000, 0x00000007aec00000, 0x0000000800000000)
  eden space 25600K, 0% used [0x00000007acb00000,0x00000007acb00000,0x00000007ae400000)
  from space 4096K, 99% used [0x00000007ae400000,0x00000007ae7fb478,0x00000007ae800000)
  to   space 4096K, 0% used [0x00000007ae800000,0x00000007ae800000,0x00000007aec00000)
 ParOldGen       total 68608K, used 6148K [0x0000000706000000, 0x000000070a300000, 0x00000007acb00000)
  object space 68608K, 8% used [0x0000000706000000,0x00000007066012c0,0x000000070a300000)
 Metaspace       used 21093K, committed 21504K, reserved 1073152K
  class space    used 2148K, committed 2368K, reserved 1048576K
}
Event: 2.287 GC heap after
{Heap after GC invocations=4 (full 1):
 PSYoungGen      total 29696K, used 0K [0x00000007acb00000, 0x00000007aec00000, 0x0000000800000000)
  eden space 25600K, 0% used [0x00000007acb00000,0x00000007acb00000,0x00000007ae400000)
  from space 4096K, 0% used [0x00000007ae400000,0x00000007ae400000,0x00000007ae800000)
  to   space 4096K, 0% used [0x00000007ae800000,0x00000007ae800000,0x00000007aec00000)
 ParOldGen       total 68608K, used 9407K [0x0000000706000000, 0x000000070a300000, 0x00000007acb00000)
  object space 68608K, 13% used [0x0000000706000000,0x000000070692fe98,0x000000070a300000)
 Metaspace       used 21093K, committed 21504K, reserved 1073152K
  class space    used 2148K, committed 2368K, reserved 1048576K
}
Event: 2.918 GC heap before
{Heap before GC invocations=5 (full 1):
 PSYoungGen      total 29696K, used 25600K [0x00000007acb00000, 0x00000007aec00000, 0x0000000800000000)
  eden space 25600K, 100% used [0x00000007acb00000,0x00000007ae400000,0x00000007ae400000)
  from space 4096K, 0% used [0x00000007ae400000,0x00000007ae400000,0x00000007ae800000)
  to   space 4096K, 0% used [0x00000007ae800000,0x00000007ae800000,0x00000007aec00000)
 ParOldGen       total 68608K, used 9407K [0x0000000706000000, 0x000000070a300000, 0x00000007acb00000)
  object space 68608K, 13% used [0x0000000706000000,0x000000070692fe98,0x000000070a300000)
 Metaspace       used 28504K, committed 29120K, reserved 1081344K
  class space    used 2808K, committed 3072K, reserved 1048576K
}
Event: 2.919 GC heap after
{Heap after GC invocations=5 (full 1):
 PSYoungGen      total 29696K, used 2046K [0x00000007acb00000, 0x00000007aec00000, 0x0000000800000000)
  eden space 25600K, 0% used [0x00000007acb00000,0x00000007acb00000,0x00000007ae400000)
  from space 4096K, 49% used [0x00000007ae800000,0x00000007ae9ffb30,0x00000007aec00000)
  to   space 4096K, 0% used [0x00000007ae400000,0x00000007ae400000,0x00000007ae800000)
 ParOldGen       total 68608K, used 9415K [0x0000000706000000, 0x000000070a300000, 0x00000007acb00000)
  object space 68608K, 13% used [0x0000000706000000,0x0000000706931e98,0x000000070a300000)
 Metaspace       used 28504K, committed 29120K, reserved 1081344K
  class space    used 2808K, committed 3072K, reserved 1048576K
}
Event: 3.674 GC heap before
{Heap before GC invocations=6 (full 1):
 PSYoungGen      total 29696K, used 27646K [0x00000007acb00000, 0x00000007aec00000, 0x0000000800000000)
  eden space 25600K, 100% used [0x00000007acb00000,0x00000007ae400000,0x00000007ae400000)
  from space 4096K, 49% used [0x00000007ae800000,0x00000007ae9ffb30,0x00000007aec00000)
  to   space 4096K, 0% used [0x00000007ae400000,0x00000007ae400000,0x00000007ae800000)
 ParOldGen       total 68608K, used 9415K [0x0000000706000000, 0x000000070a300000, 0x00000007acb00000)
  object space 68608K, 13% used [0x0000000706000000,0x0000000706931e98,0x000000070a300000)
 Metaspace       used 34701K, committed 35520K, reserved 1081344K
  class space    used 3567K, committed 3904K, reserved 1048576K
}
Event: 3.677 GC heap after
{Heap after GC invocations=6 (full 1):
 PSYoungGen      total 29184K, used 4081K [0x00000007acb00000, 0x00000007aed80000, 0x0000000800000000)
  eden space 25088K, 0% used [0x00000007acb00000,0x00000007acb00000,0x00000007ae380000)
  from space 4096K, 99% used [0x00000007ae400000,0x00000007ae7fc728,0x00000007ae800000)
  to   space 5120K, 0% used [0x00000007ae880000,0x00000007ae880000,0x00000007aed80000)
 ParOldGen       total 68608K, used 9727K [0x0000000706000000, 0x000000070a300000, 0x00000007acb00000)
  object space 68608K, 14% used [0x0000000706000000,0x000000070697fea8,0x000000070a300000)
 Metaspace       used 34701K, committed 35520K, reserved 1081344K
  class space    used 3567K, committed 3904K, reserved 1048576K
}
Event: 3.698 GC heap before
{Heap before GC invocations=7 (full 1):
 PSYoungGen      total 29184K, used 5183K [0x00000007acb00000, 0x00000007aed80000, 0x0000000800000000)
  eden space 25088K, 4% used [0x00000007acb00000,0x00000007acc13668,0x00000007ae380000)
  from space 4096K, 99% used [0x00000007ae400000,0x00000007ae7fc728,0x00000007ae800000)
  to   space 5120K, 0% used [0x00000007ae880000,0x00000007ae880000,0x00000007aed80000)
 ParOldGen       total 68608K, used 9727K [0x0000000706000000, 0x000000070a300000, 0x00000007acb00000)
  object space 68608K, 14% used [0x0000000706000000,0x000000070697fea8,0x000000070a300000)
 Metaspace       used 35028K, committed 35840K, reserved 1081344K
  class space    used 3619K, committed 3968K, reserved 1048576K
}
Event: 3.700 GC heap after
{Heap after GC invocations=7 (full 1):
 PSYoungGen      total 29696K, used 4252K [0x00000007acb00000, 0x00000007aed00000, 0x0000000800000000)
  eden space 25088K, 0% used [0x00000007acb00000,0x00000007acb00000,0x00000007ae380000)
  from space 4608K, 92% used [0x00000007ae880000,0x00000007aeca7048,0x00000007aed00000)
  to   space 4608K, 0% used [0x00000007ae400000,0x00000007ae400000,0x00000007ae880000)
 ParOldGen       total 68608K, used 9735K [0x0000000706000000, 0x000000070a300000, 0x00000007acb00000)
  object space 68608K, 14% used [0x0000000706000000,0x0000000706981ea8,0x000000070a300000)
 Metaspace       used 35028K, committed 35840K, reserved 1081344K
  class space    used 3619K, committed 3968K, reserved 1048576K
}
Event: 3.700 GC heap before
{Heap before GC invocations=8 (full 2):
 PSYoungGen      total 29696K, used 4252K [0x00000007acb00000, 0x00000007aed00000, 0x0000000800000000)
  eden space 25088K, 0% used [0x00000007acb00000,0x00000007acb00000,0x00000007ae380000)
  from space 4608K, 92% used [0x00000007ae880000,0x00000007aeca7048,0x00000007aed00000)
  to   space 4608K, 0% used [0x00000007ae400000,0x00000007ae400000,0x00000007ae880000)
 ParOldGen       total 68608K, used 9735K [0x0000000706000000, 0x000000070a300000, 0x00000007acb00000)
  object space 68608K, 14% used [0x0000000706000000,0x0000000706981ea8,0x000000070a300000)
 Metaspace       used 35028K, committed 35840K, reserved 1081344K
  class space    used 3619K, committed 3968K, reserved 1048576K
}
Event: 3.727 GC heap after
{Heap after GC invocations=8 (full 2):
 PSYoungGen      total 29696K, used 0K [0x00000007acb00000, 0x00000007aed00000, 0x0000000800000000)
  eden space 25088K, 0% used [0x00000007acb00000,0x00000007acb00000,0x00000007ae380000)
  from space 4608K, 0% used [0x00000007ae880000,0x00000007ae880000,0x00000007aed00000)
  to   space 4608K, 0% used [0x00000007ae400000,0x00000007ae400000,0x00000007ae880000)
 ParOldGen       total 68608K, used 13015K [0x0000000706000000, 0x000000070a300000, 0x00000007acb00000)
  object space 68608K, 18% used [0x0000000706000000,0x0000000706cb5ec8,0x000000070a300000)
 Metaspace       used 35028K, committed 35840K, reserved 1081344K
  class space    used 3619K, committed 3968K, reserved 1048576K
}

